<?xml version="1.0" encoding="UTF-8"?>
<testsuite xmlns:xsi="http://www.w3.org/2001/XMLSchema-instance" xsi:noNamespaceSchemaLocation="https://maven.apache.org/surefire/maven-surefire-plugin/xsd/surefire-test-report.xsd" version="3.0.2" name="com.virtualcard.card_aggregate.test.CardAggregateServiceTest" time="0.633" tests="5" errors="0" skipped="0" failures="0">
  <properties>
    <property name="java.specification.version" value="21"/>
    <property name="sun.jnu.encoding" value="UTF-8"/>
    <property name="java.class.path" value="/home/lex_looter/Programming/Java/Projects/vcp-workspace/virtual-card-platform/card-aggregate-service/target/test-classes:/home/lex_looter/Programming/Java/Projects/vcp-workspace/virtual-card-platform/card-aggregate-service/target/classes:/home/lex_looter/.m2/repository/org/springframework/boot/spring-boot-starter-webflux/3.5.0/spring-boot-starter-webflux-3.5.0.jar:/home/lex_looter/.m2/repository/org/springframework/boot/spring-boot-starter/3.5.0/spring-boot-starter-3.5.0.jar:/home/lex_looter/.m2/repository/org/springframework/boot/spring-boot/3.5.0/spring-boot-3.5.0.jar:/home/lex_looter/.m2/repository/org/springframework/spring-context/6.2.7/spring-context-6.2.7.jar:/home/lex_looter/.m2/repository/org/springframework/spring-aop/6.2.7/spring-aop-6.2.7.jar:/home/lex_looter/.m2/repository/org/springframework/spring-expression/6.2.7/spring-expression-6.2.7.jar:/home/lex_looter/.m2/repository/org/springframework/boot/spring-boot-autoconfigure/3.5.0/spring-boot-autoconfigure-3.5.0.jar:/home/lex_looter/.m2/repository/org/springframework/boot/spring-boot-starter-logging/3.5.0/spring-boot-starter-logging-3.5.0.jar:/home/lex_looter/.m2/repository/ch/qos/logback/logback-classic/1.5.18/logback-classic-1.5.18.jar:/home/lex_looter/.m2/repository/ch/qos/logback/logback-core/1.5.18/logback-core-1.5.18.jar:/home/lex_looter/.m2/repository/org/apache/logging/log4j/log4j-to-slf4j/2.24.3/log4j-to-slf4j-2.24.3.jar:/home/lex_looter/.m2/repository/org/apache/logging/log4j/log4j-api/2.24.3/log4j-api-2.24.3.jar:/home/lex_looter/.m2/repository/org/slf4j/jul-to-slf4j/2.0.17/jul-to-slf4j-2.0.17.jar:/home/lex_looter/.m2/repository/jakarta/annotation/jakarta.annotation-api/2.1.1/jakarta.annotation-api-2.1.1.jar:/home/lex_looter/.m2/repository/org/yaml/snakeyaml/2.4/snakeyaml-2.4.jar:/home/lex_looter/.m2/repository/org/springframework/boot/spring-boot-starter-json/3.5.0/spring-boot-starter-json-3.5.0.jar:/home/lex_looter/.m2/repository/com/fasterxml/jackson/core/jackson-databind/2.19.0/jackson-databind-2.19.0.jar:/home/lex_looter/.m2/repository/com/fasterxml/jackson/datatype/jackson-datatype-jdk8/2.19.0/jackson-datatype-jdk8-2.19.0.jar:/home/lex_looter/.m2/repository/com/fasterxml/jackson/datatype/jackson-datatype-jsr310/2.19.0/jackson-datatype-jsr310-2.19.0.jar:/home/lex_looter/.m2/repository/com/fasterxml/jackson/module/jackson-module-parameter-names/2.19.0/jackson-module-parameter-names-2.19.0.jar:/home/lex_looter/.m2/repository/org/springframework/boot/spring-boot-starter-reactor-netty/3.5.0/spring-boot-starter-reactor-netty-3.5.0.jar:/home/lex_looter/.m2/repository/io/projectreactor/netty/reactor-netty-http/1.2.6/reactor-netty-http-1.2.6.jar:/home/lex_looter/.m2/repository/io/netty/netty-codec-http/4.1.121.Final/netty-codec-http-4.1.121.Final.jar:/home/lex_looter/.m2/repository/io/netty/netty-common/4.1.121.Final/netty-common-4.1.121.Final.jar:/home/lex_looter/.m2/repository/io/netty/netty-buffer/4.1.121.Final/netty-buffer-4.1.121.Final.jar:/home/lex_looter/.m2/repository/io/netty/netty-transport/4.1.121.Final/netty-transport-4.1.121.Final.jar:/home/lex_looter/.m2/repository/io/netty/netty-codec/4.1.121.Final/netty-codec-4.1.121.Final.jar:/home/lex_looter/.m2/repository/io/netty/netty-handler/4.1.121.Final/netty-handler-4.1.121.Final.jar:/home/lex_looter/.m2/repository/io/netty/netty-codec-http2/4.1.121.Final/netty-codec-http2-4.1.121.Final.jar:/home/lex_looter/.m2/repository/io/netty/netty-resolver-dns/4.1.121.Final/netty-resolver-dns-4.1.121.Final.jar:/home/lex_looter/.m2/repository/io/netty/netty-resolver/4.1.121.Final/netty-resolver-4.1.121.Final.jar:/home/lex_looter/.m2/repository/io/netty/netty-codec-dns/4.1.121.Final/netty-codec-dns-4.1.121.Final.jar:/home/lex_looter/.m2/repository/io/netty/netty-resolver-dns-native-macos/4.1.121.Final/netty-resolver-dns-native-macos-4.1.121.Final-osx-x86_64.jar:/home/lex_looter/.m2/repository/io/netty/netty-resolver-dns-classes-macos/4.1.121.Final/netty-resolver-dns-classes-macos-4.1.121.Final.jar:/home/lex_looter/.m2/repository/io/netty/netty-transport-native-epoll/4.1.121.Final/netty-transport-native-epoll-4.1.121.Final-linux-x86_64.jar:/home/lex_looter/.m2/repository/io/netty/netty-transport-native-unix-common/4.1.121.Final/netty-transport-native-unix-common-4.1.121.Final.jar:/home/lex_looter/.m2/repository/io/netty/netty-transport-classes-epoll/4.1.121.Final/netty-transport-classes-epoll-4.1.121.Final.jar:/home/lex_looter/.m2/repository/io/projectreactor/netty/reactor-netty-core/1.2.6/reactor-netty-core-1.2.6.jar:/home/lex_looter/.m2/repository/io/netty/netty-handler-proxy/4.1.121.Final/netty-handler-proxy-4.1.121.Final.jar:/home/lex_looter/.m2/repository/io/netty/netty-codec-socks/4.1.121.Final/netty-codec-socks-4.1.121.Final.jar:/home/lex_looter/.m2/repository/org/springframework/spring-web/6.2.7/spring-web-6.2.7.jar:/home/lex_looter/.m2/repository/org/springframework/spring-beans/6.2.7/spring-beans-6.2.7.jar:/home/lex_looter/.m2/repository/io/micrometer/micrometer-observation/1.15.0/micrometer-observation-1.15.0.jar:/home/lex_looter/.m2/repository/io/micrometer/micrometer-commons/1.15.0/micrometer-commons-1.15.0.jar:/home/lex_looter/.m2/repository/org/springframework/spring-webflux/6.2.7/spring-webflux-6.2.7.jar:/home/lex_looter/.m2/repository/org/springframework/cloud/spring-cloud-starter-netflix-eureka-client/4.3.0/spring-cloud-starter-netflix-eureka-client-4.3.0.jar:/home/lex_looter/.m2/repository/org/springframework/cloud/spring-cloud-starter/4.3.0/spring-cloud-starter-4.3.0.jar:/home/lex_looter/.m2/repository/org/springframework/cloud/spring-cloud-context/4.3.0/spring-cloud-context-4.3.0.jar:/home/lex_looter/.m2/repository/org/springframework/security/spring-security-crypto/6.5.0/spring-security-crypto-6.5.0.jar:/home/lex_looter/.m2/repository/org/springframework/cloud/spring-cloud-commons/4.3.0/spring-cloud-commons-4.3.0.jar:/home/lex_looter/.m2/repository/org/bouncycastle/bcprov-jdk18on/1.80/bcprov-jdk18on-1.80.jar:/home/lex_looter/.m2/repository/org/springframework/cloud/spring-cloud-netflix-eureka-client/4.3.0/spring-cloud-netflix-eureka-client-4.3.0.jar:/home/lex_looter/.m2/repository/org/apache/httpcomponents/client5/httpclient5/5.4.4/httpclient5-5.4.4.jar:/home/lex_looter/.m2/repository/org/apache/httpcomponents/core5/httpcore5/5.3.4/httpcore5-5.3.4.jar:/home/lex_looter/.m2/repository/org/apache/httpcomponents/core5/httpcore5-h2/5.3.4/httpcore5-h2-5.3.4.jar:/home/lex_looter/.m2/repository/com/netflix/eureka/eureka-client/2.0.4/eureka-client-2.0.4.jar:/home/lex_looter/.m2/repository/com/thoughtworks/xstream/xstream/1.4.20/xstream-1.4.20.jar:/home/lex_looter/.m2/repository/io/github/x-stream/mxparser/1.2.2/mxparser-1.2.2.jar:/home/lex_looter/.m2/repository/xmlpull/xmlpull/1.1.3.1/xmlpull-1.1.3.1.jar:/home/lex_looter/.m2/repository/jakarta/ws/rs/jakarta.ws.rs-api/3.1.0/jakarta.ws.rs-api-3.1.0.jar:/home/lex_looter/.m2/repository/jakarta/inject/jakarta.inject-api/2.0.1/jakarta.inject-api-2.0.1.jar:/home/lex_looter/.m2/repository/com/netflix/spectator/spectator-api/1.7.3/spectator-api-1.7.3.jar:/home/lex_looter/.m2/repository/org/slf4j/slf4j-api/2.0.17/slf4j-api-2.0.17.jar:/home/lex_looter/.m2/repository/org/apache/httpcomponents/httpclient/4.5.3/httpclient-4.5.3.jar:/home/lex_looter/.m2/repository/org/apache/httpcomponents/httpcore/4.4.16/httpcore-4.4.16.jar:/home/lex_looter/.m2/repository/commons-codec/commons-codec/1.18.0/commons-codec-1.18.0.jar:/home/lex_looter/.m2/repository/commons-configuration/commons-configuration/1.10/commons-configuration-1.10.jar:/home/lex_looter/.m2/repository/commons-lang/commons-lang/2.6/commons-lang-2.6.jar:/home/lex_looter/.m2/repository/com/fasterxml/jackson/core/jackson-annotations/2.19.0/jackson-annotations-2.19.0.jar:/home/lex_looter/.m2/repository/com/fasterxml/jackson/core/jackson-core/2.19.0/jackson-core-2.19.0.jar:/home/lex_looter/.m2/repository/com/netflix/netflix-commons/netflix-eventbus/0.3.0/netflix-eventbus-0.3.0.jar:/home/lex_looter/.m2/repository/com/netflix/netflix-commons/netflix-infix/0.3.0/netflix-infix-0.3.0.jar:/home/lex_looter/.m2/repository/commons-jxpath/commons-jxpath/1.3/commons-jxpath-1.3.jar:/home/lex_looter/.m2/repository/joda-time/joda-time/2.3/joda-time-2.3.jar:/home/lex_looter/.m2/repository/org/antlr/antlr-runtime/3.4/antlr-runtime-3.4.jar:/home/lex_looter/.m2/repository/org/antlr/stringtemplate/3.2.1/stringtemplate-3.2.1.jar:/home/lex_looter/.m2/repository/antlr/antlr/2.7.7/antlr-2.7.7.jar:/home/lex_looter/.m2/repository/com/google/guava/guava/14.0.1/guava-14.0.1.jar:/home/lex_looter/.m2/repository/com/google/code/gson/gson/2.13.1/gson-2.13.1.jar:/home/lex_looter/.m2/repository/com/google/errorprone/error_prone_annotations/2.38.0/error_prone_annotations-2.38.0.jar:/home/lex_looter/.m2/repository/com/netflix/servo/servo-core/0.5.3/servo-core-0.5.3.jar:/home/lex_looter/.m2/repository/org/apache/commons/commons-math/2.2/commons-math-2.2.jar:/home/lex_looter/.m2/repository/javax/annotation/javax.annotation-api/1.2/javax.annotation-api-1.2.jar:/home/lex_looter/.m2/repository/org/codehaus/jettison/jettison/1.5.4/jettison-1.5.4.jar:/home/lex_looter/.m2/repository/org/springframework/cloud/spring-cloud-starter-loadbalancer/4.3.0/spring-cloud-starter-loadbalancer-4.3.0.jar:/home/lex_looter/.m2/repository/org/springframework/cloud/spring-cloud-loadbalancer/4.3.0/spring-cloud-loadbalancer-4.3.0.jar:/home/lex_looter/.m2/repository/io/projectreactor/addons/reactor-extra/3.5.2/reactor-extra-3.5.2.jar:/home/lex_looter/.m2/repository/org/springframework/boot/spring-boot-starter-cache/3.5.0/spring-boot-starter-cache-3.5.0.jar:/home/lex_looter/.m2/repository/org/springframework/spring-context-support/6.2.7/spring-context-support-6.2.7.jar:/home/lex_looter/.m2/repository/com/stoyanr/evictor/1.0.0/evictor-1.0.0.jar:/home/lex_looter/.m2/repository/org/springdoc/springdoc-openapi-starter-webflux-ui/2.2.0/springdoc-openapi-starter-webflux-ui-2.2.0.jar:/home/lex_looter/.m2/repository/org/springdoc/springdoc-openapi-starter-webflux-api/2.2.0/springdoc-openapi-starter-webflux-api-2.2.0.jar:/home/lex_looter/.m2/repository/org/springdoc/springdoc-openapi-starter-common/2.2.0/springdoc-openapi-starter-common-2.2.0.jar:/home/lex_looter/.m2/repository/io/swagger/core/v3/swagger-core-jakarta/2.2.15/swagger-core-jakarta-2.2.15.jar:/home/lex_looter/.m2/repository/org/apache/commons/commons-lang3/3.17.0/commons-lang3-3.17.0.jar:/home/lex_looter/.m2/repository/io/swagger/core/v3/swagger-annotations-jakarta/2.2.15/swagger-annotations-jakarta-2.2.15.jar:/home/lex_looter/.m2/repository/io/swagger/core/v3/swagger-models-jakarta/2.2.15/swagger-models-jakarta-2.2.15.jar:/home/lex_looter/.m2/repository/jakarta/validation/jakarta.validation-api/3.0.2/jakarta.validation-api-3.0.2.jar:/home/lex_looter/.m2/repository/com/fasterxml/jackson/dataformat/jackson-dataformat-yaml/2.19.0/jackson-dataformat-yaml-2.19.0.jar:/home/lex_looter/.m2/repository/org/webjars/swagger-ui/5.2.0/swagger-ui-5.2.0.jar:/home/lex_looter/Programming/Java/Projects/vcp-workspace/virtual-card-platform/common-persistence/target/common-persistence-1.0.0-SNAPSHOT.jar:/home/lex_looter/.m2/repository/org/springframework/boot/spring-boot-starter-jooq/3.5.0/spring-boot-starter-jooq-3.5.0.jar:/home/lex_looter/.m2/repository/org/springframework/boot/spring-boot-starter-jdbc/3.5.0/spring-boot-starter-jdbc-3.5.0.jar:/home/lex_looter/.m2/repository/com/zaxxer/HikariCP/6.3.0/HikariCP-6.3.0.jar:/home/lex_looter/.m2/repository/org/springframework/spring-jdbc/6.2.7/spring-jdbc-6.2.7.jar:/home/lex_looter/.m2/repository/org/springframework/spring-tx/6.2.7/spring-tx-6.2.7.jar:/home/lex_looter/.m2/repository/org/jooq/jooq/3.19.23/jooq-3.19.23.jar:/home/lex_looter/.m2/repository/io/r2dbc/r2dbc-spi/1.0.0.RELEASE/r2dbc-spi-1.0.0.RELEASE.jar:/home/lex_looter/.m2/repository/org/jooq/jooq-codegen/3.19.23/jooq-codegen-3.19.23.jar:/home/lex_looter/.m2/repository/org/jooq/jooq-meta/3.19.23/jooq-meta-3.19.23.jar:/home/lex_looter/.m2/repository/com/mysql/mysql-connector-j/9.2.0/mysql-connector-j-9.2.0.jar:/home/lex_looter/Programming/Java/Projects/vcp-workspace/virtual-card-platform/common-error/target/common-error-1.0.0-SNAPSHOT.jar:/home/lex_looter/Programming/Java/Projects/vcp-workspace/virtual-card-platform/common-dto/target/common-dto-1.0.0-SNAPSHOT.jar:/home/lex_looter/Programming/Java/Projects/vcp-workspace/virtual-card-platform/common-lang/target/common-lang-1.0.0-SNAPSHOT.jar:/home/lex_looter/Programming/Java/Projects/vcp-workspace/virtual-card-platform/common-test/target/common-test-1.0.0-SNAPSHOT.jar:/home/lex_looter/.m2/repository/org/testcontainers/testcontainers/1.19.0/testcontainers-1.19.0.jar:/home/lex_looter/.m2/repository/org/apache/commons/commons-compress/1.23.0/commons-compress-1.23.0.jar:/home/lex_looter/.m2/repository/org/rnorth/duct-tape/duct-tape/1.0.8/duct-tape-1.0.8.jar:/home/lex_looter/.m2/repository/org/jetbrains/annotations/17.0.0/annotations-17.0.0.jar:/home/lex_looter/.m2/repository/com/github/docker-java/docker-java-api/3.3.3/docker-java-api-3.3.3.jar:/home/lex_looter/.m2/repository/com/github/docker-java/docker-java-transport-zerodep/3.3.3/docker-java-transport-zerodep-3.3.3.jar:/home/lex_looter/.m2/repository/com/github/docker-java/docker-java-transport/3.3.3/docker-java-transport-3.3.3.jar:/home/lex_looter/.m2/repository/net/java/dev/jna/jna/5.12.1/jna-5.12.1.jar:/home/lex_looter/.m2/repository/org/testcontainers/mysql/1.19.0/mysql-1.19.0.jar:/home/lex_looter/.m2/repository/org/testcontainers/jdbc/1.19.0/jdbc-1.19.0.jar:/home/lex_looter/.m2/repository/org/testcontainers/database-commons/1.19.0/database-commons-1.19.0.jar:/home/lex_looter/.m2/repository/com/squareup/okhttp3/mockwebserver/4.12.0/mockwebserver-4.12.0.jar:/home/lex_looter/.m2/repository/junit/junit/4.13.2/junit-4.13.2.jar:/home/lex_looter/.m2/repository/org/hamcrest/hamcrest-core/3.0/hamcrest-core-3.0.jar:/home/lex_looter/.m2/repository/org/jetbrains/kotlin/kotlin-stdlib-jdk8/1.9.25/kotlin-stdlib-jdk8-1.9.25.jar:/home/lex_looter/.m2/repository/org/jetbrains/kotlin/kotlin-stdlib/1.9.25/kotlin-stdlib-1.9.25.jar:/home/lex_looter/.m2/repository/org/jetbrains/kotlin/kotlin-stdlib-jdk7/1.9.25/kotlin-stdlib-jdk7-1.9.25.jar:/home/lex_looter/.m2/repository/com/squareup/okhttp3/okhttp/4.12.0/okhttp-4.12.0.jar:/home/lex_looter/.m2/repository/com/squareup/okio/okio/3.6.0/okio-3.6.0.jar:/home/lex_looter/.m2/repository/com/squareup/okio/okio-jvm/3.6.0/okio-jvm-3.6.0.jar:/home/lex_looter/.m2/repository/org/jetbrains/kotlin/kotlin-stdlib-common/1.9.25/kotlin-stdlib-common-1.9.25.jar:/home/lex_looter/.m2/repository/org/springframework/boot/spring-boot-configuration-processor/3.5.0/spring-boot-configuration-processor-3.5.0.jar:/home/lex_looter/.m2/repository/org/projectlombok/lombok/1.18.38/lombok-1.18.38.jar:/home/lex_looter/.m2/repository/io/projectreactor/reactor-test/3.7.6/reactor-test-3.7.6.jar:/home/lex_looter/.m2/repository/io/projectreactor/reactor-core/3.7.6/reactor-core-3.7.6.jar:/home/lex_looter/.m2/repository/org/reactivestreams/reactive-streams/1.0.4/reactive-streams-1.0.4.jar:/home/lex_looter/.m2/repository/org/springframework/boot/spring-boot-starter-test/3.5.0/spring-boot-starter-test-3.5.0.jar:/home/lex_looter/.m2/repository/org/springframework/boot/spring-boot-test/3.5.0/spring-boot-test-3.5.0.jar:/home/lex_looter/.m2/repository/org/springframework/boot/spring-boot-test-autoconfigure/3.5.0/spring-boot-test-autoconfigure-3.5.0.jar:/home/lex_looter/.m2/repository/com/jayway/jsonpath/json-path/2.9.0/json-path-2.9.0.jar:/home/lex_looter/.m2/repository/jakarta/xml/bind/jakarta.xml.bind-api/4.0.2/jakarta.xml.bind-api-4.0.2.jar:/home/lex_looter/.m2/repository/jakarta/activation/jakarta.activation-api/2.1.3/jakarta.activation-api-2.1.3.jar:/home/lex_looter/.m2/repository/net/minidev/json-smart/2.5.2/json-smart-2.5.2.jar:/home/lex_looter/.m2/repository/net/minidev/accessors-smart/2.5.2/accessors-smart-2.5.2.jar:/home/lex_looter/.m2/repository/org/ow2/asm/asm/9.7.1/asm-9.7.1.jar:/home/lex_looter/.m2/repository/org/assertj/assertj-core/3.27.3/assertj-core-3.27.3.jar:/home/lex_looter/.m2/repository/net/bytebuddy/byte-buddy/1.17.5/byte-buddy-1.17.5.jar:/home/lex_looter/.m2/repository/org/awaitility/awaitility/4.3.0/awaitility-4.3.0.jar:/home/lex_looter/.m2/repository/org/hamcrest/hamcrest/3.0/hamcrest-3.0.jar:/home/lex_looter/.m2/repository/org/junit/jupiter/junit-jupiter/5.12.2/junit-jupiter-5.12.2.jar:/home/lex_looter/.m2/repository/org/junit/jupiter/junit-jupiter-api/5.12.2/junit-jupiter-api-5.12.2.jar:/home/lex_looter/.m2/repository/org/opentest4j/opentest4j/1.3.0/opentest4j-1.3.0.jar:/home/lex_looter/.m2/repository/org/junit/platform/junit-platform-commons/1.12.2/junit-platform-commons-1.12.2.jar:/home/lex_looter/.m2/repository/org/apiguardian/apiguardian-api/1.1.2/apiguardian-api-1.1.2.jar:/home/lex_looter/.m2/repository/org/junit/jupiter/junit-jupiter-params/5.12.2/junit-jupiter-params-5.12.2.jar:/home/lex_looter/.m2/repository/org/junit/jupiter/junit-jupiter-engine/5.12.2/junit-jupiter-engine-5.12.2.jar:/home/lex_looter/.m2/repository/org/junit/platform/junit-platform-engine/1.12.2/junit-platform-engine-1.12.2.jar:/home/lex_looter/.m2/repository/org/mockito/mockito-core/5.17.0/mockito-core-5.17.0.jar:/home/lex_looter/.m2/repository/net/bytebuddy/byte-buddy-agent/1.17.5/byte-buddy-agent-1.17.5.jar:/home/lex_looter/.m2/repository/org/objenesis/objenesis/3.3/objenesis-3.3.jar:/home/lex_looter/.m2/repository/org/mockito/mockito-junit-jupiter/5.17.0/mockito-junit-jupiter-5.17.0.jar:/home/lex_looter/.m2/repository/org/skyscreamer/jsonassert/1.5.3/jsonassert-1.5.3.jar:/home/lex_looter/.m2/repository/com/vaadin/external/google/android-json/0.0.20131108.vaadin1/android-json-0.0.20131108.vaadin1.jar:/home/lex_looter/.m2/repository/org/springframework/spring-core/6.2.7/spring-core-6.2.7.jar:/home/lex_looter/.m2/repository/org/springframework/spring-jcl/6.2.7/spring-jcl-6.2.7.jar:/home/lex_looter/.m2/repository/org/springframework/spring-test/6.2.7/spring-test-6.2.7.jar:/home/lex_looter/.m2/repository/org/xmlunit/xmlunit-core/2.10.1/xmlunit-core-2.10.1.jar:"/>
    <property name="java.vm.vendor" value="Ubuntu"/>
    <property name="sun.arch.data.model" value="64"/>
    <property name="java.vendor.url" value="https://ubuntu.com/"/>
    <property name="user.timezone" value="Europe/Rome"/>
    <property name="os.name" value="Linux"/>
    <property name="java.vm.specification.version" value="21"/>
    <property name="sun.java.launcher" value="SUN_STANDARD"/>
    <property name="user.country" value="IT"/>
    <property name="sun.boot.library.path" value="/usr/lib/jvm/java-21-openjdk-amd64/lib"/>
    <property name="sun.java.command" value="/home/lex_looter/Programming/Java/Projects/vcp-workspace/virtual-card-platform/card-aggregate-service/target/surefire/surefirebooter-20250612172634050_3.jar /home/lex_looter/Programming/Java/Projects/vcp-workspace/virtual-card-platform/card-aggregate-service/target/surefire 2025-06-12T17-26-32_953-jvmRun1 surefire-20250612172634050_1tmp surefire_0-20250612172634050_2tmp"/>
    <property name="jdk.debug" value="release"/>
    <property name="surefire.test.class.path" value="/home/lex_looter/Programming/Java/Projects/vcp-workspace/virtual-card-platform/card-aggregate-service/target/test-classes:/home/lex_looter/Programming/Java/Projects/vcp-workspace/virtual-card-platform/card-aggregate-service/target/classes:/home/lex_looter/.m2/repository/org/springframework/boot/spring-boot-starter-webflux/3.5.0/spring-boot-starter-webflux-3.5.0.jar:/home/lex_looter/.m2/repository/org/springframework/boot/spring-boot-starter/3.5.0/spring-boot-starter-3.5.0.jar:/home/lex_looter/.m2/repository/org/springframework/boot/spring-boot/3.5.0/spring-boot-3.5.0.jar:/home/lex_looter/.m2/repository/org/springframework/spring-context/6.2.7/spring-context-6.2.7.jar:/home/lex_looter/.m2/repository/org/springframework/spring-aop/6.2.7/spring-aop-6.2.7.jar:/home/lex_looter/.m2/repository/org/springframework/spring-expression/6.2.7/spring-expression-6.2.7.jar:/home/lex_looter/.m2/repository/org/springframework/boot/spring-boot-autoconfigure/3.5.0/spring-boot-autoconfigure-3.5.0.jar:/home/lex_looter/.m2/repository/org/springframework/boot/spring-boot-starter-logging/3.5.0/spring-boot-starter-logging-3.5.0.jar:/home/lex_looter/.m2/repository/ch/qos/logback/logback-classic/1.5.18/logback-classic-1.5.18.jar:/home/lex_looter/.m2/repository/ch/qos/logback/logback-core/1.5.18/logback-core-1.5.18.jar:/home/lex_looter/.m2/repository/org/apache/logging/log4j/log4j-to-slf4j/2.24.3/log4j-to-slf4j-2.24.3.jar:/home/lex_looter/.m2/repository/org/apache/logging/log4j/log4j-api/2.24.3/log4j-api-2.24.3.jar:/home/lex_looter/.m2/repository/org/slf4j/jul-to-slf4j/2.0.17/jul-to-slf4j-2.0.17.jar:/home/lex_looter/.m2/repository/jakarta/annotation/jakarta.annotation-api/2.1.1/jakarta.annotation-api-2.1.1.jar:/home/lex_looter/.m2/repository/org/yaml/snakeyaml/2.4/snakeyaml-2.4.jar:/home/lex_looter/.m2/repository/org/springframework/boot/spring-boot-starter-json/3.5.0/spring-boot-starter-json-3.5.0.jar:/home/lex_looter/.m2/repository/com/fasterxml/jackson/core/jackson-databind/2.19.0/jackson-databind-2.19.0.jar:/home/lex_looter/.m2/repository/com/fasterxml/jackson/datatype/jackson-datatype-jdk8/2.19.0/jackson-datatype-jdk8-2.19.0.jar:/home/lex_looter/.m2/repository/com/fasterxml/jackson/datatype/jackson-datatype-jsr310/2.19.0/jackson-datatype-jsr310-2.19.0.jar:/home/lex_looter/.m2/repository/com/fasterxml/jackson/module/jackson-module-parameter-names/2.19.0/jackson-module-parameter-names-2.19.0.jar:/home/lex_looter/.m2/repository/org/springframework/boot/spring-boot-starter-reactor-netty/3.5.0/spring-boot-starter-reactor-netty-3.5.0.jar:/home/lex_looter/.m2/repository/io/projectreactor/netty/reactor-netty-http/1.2.6/reactor-netty-http-1.2.6.jar:/home/lex_looter/.m2/repository/io/netty/netty-codec-http/4.1.121.Final/netty-codec-http-4.1.121.Final.jar:/home/lex_looter/.m2/repository/io/netty/netty-common/4.1.121.Final/netty-common-4.1.121.Final.jar:/home/lex_looter/.m2/repository/io/netty/netty-buffer/4.1.121.Final/netty-buffer-4.1.121.Final.jar:/home/lex_looter/.m2/repository/io/netty/netty-transport/4.1.121.Final/netty-transport-4.1.121.Final.jar:/home/lex_looter/.m2/repository/io/netty/netty-codec/4.1.121.Final/netty-codec-4.1.121.Final.jar:/home/lex_looter/.m2/repository/io/netty/netty-handler/4.1.121.Final/netty-handler-4.1.121.Final.jar:/home/lex_looter/.m2/repository/io/netty/netty-codec-http2/4.1.121.Final/netty-codec-http2-4.1.121.Final.jar:/home/lex_looter/.m2/repository/io/netty/netty-resolver-dns/4.1.121.Final/netty-resolver-dns-4.1.121.Final.jar:/home/lex_looter/.m2/repository/io/netty/netty-resolver/4.1.121.Final/netty-resolver-4.1.121.Final.jar:/home/lex_looter/.m2/repository/io/netty/netty-codec-dns/4.1.121.Final/netty-codec-dns-4.1.121.Final.jar:/home/lex_looter/.m2/repository/io/netty/netty-resolver-dns-native-macos/4.1.121.Final/netty-resolver-dns-native-macos-4.1.121.Final-osx-x86_64.jar:/home/lex_looter/.m2/repository/io/netty/netty-resolver-dns-classes-macos/4.1.121.Final/netty-resolver-dns-classes-macos-4.1.121.Final.jar:/home/lex_looter/.m2/repository/io/netty/netty-transport-native-epoll/4.1.121.Final/netty-transport-native-epoll-4.1.121.Final-linux-x86_64.jar:/home/lex_looter/.m2/repository/io/netty/netty-transport-native-unix-common/4.1.121.Final/netty-transport-native-unix-common-4.1.121.Final.jar:/home/lex_looter/.m2/repository/io/netty/netty-transport-classes-epoll/4.1.121.Final/netty-transport-classes-epoll-4.1.121.Final.jar:/home/lex_looter/.m2/repository/io/projectreactor/netty/reactor-netty-core/1.2.6/reactor-netty-core-1.2.6.jar:/home/lex_looter/.m2/repository/io/netty/netty-handler-proxy/4.1.121.Final/netty-handler-proxy-4.1.121.Final.jar:/home/lex_looter/.m2/repository/io/netty/netty-codec-socks/4.1.121.Final/netty-codec-socks-4.1.121.Final.jar:/home/lex_looter/.m2/repository/org/springframework/spring-web/6.2.7/spring-web-6.2.7.jar:/home/lex_looter/.m2/repository/org/springframework/spring-beans/6.2.7/spring-beans-6.2.7.jar:/home/lex_looter/.m2/repository/io/micrometer/micrometer-observation/1.15.0/micrometer-observation-1.15.0.jar:/home/lex_looter/.m2/repository/io/micrometer/micrometer-commons/1.15.0/micrometer-commons-1.15.0.jar:/home/lex_looter/.m2/repository/org/springframework/spring-webflux/6.2.7/spring-webflux-6.2.7.jar:/home/lex_looter/.m2/repository/org/springframework/cloud/spring-cloud-starter-netflix-eureka-client/4.3.0/spring-cloud-starter-netflix-eureka-client-4.3.0.jar:/home/lex_looter/.m2/repository/org/springframework/cloud/spring-cloud-starter/4.3.0/spring-cloud-starter-4.3.0.jar:/home/lex_looter/.m2/repository/org/springframework/cloud/spring-cloud-context/4.3.0/spring-cloud-context-4.3.0.jar:/home/lex_looter/.m2/repository/org/springframework/security/spring-security-crypto/6.5.0/spring-security-crypto-6.5.0.jar:/home/lex_looter/.m2/repository/org/springframework/cloud/spring-cloud-commons/4.3.0/spring-cloud-commons-4.3.0.jar:/home/lex_looter/.m2/repository/org/bouncycastle/bcprov-jdk18on/1.80/bcprov-jdk18on-1.80.jar:/home/lex_looter/.m2/repository/org/springframework/cloud/spring-cloud-netflix-eureka-client/4.3.0/spring-cloud-netflix-eureka-client-4.3.0.jar:/home/lex_looter/.m2/repository/org/apache/httpcomponents/client5/httpclient5/5.4.4/httpclient5-5.4.4.jar:/home/lex_looter/.m2/repository/org/apache/httpcomponents/core5/httpcore5/5.3.4/httpcore5-5.3.4.jar:/home/lex_looter/.m2/repository/org/apache/httpcomponents/core5/httpcore5-h2/5.3.4/httpcore5-h2-5.3.4.jar:/home/lex_looter/.m2/repository/com/netflix/eureka/eureka-client/2.0.4/eureka-client-2.0.4.jar:/home/lex_looter/.m2/repository/com/thoughtworks/xstream/xstream/1.4.20/xstream-1.4.20.jar:/home/lex_looter/.m2/repository/io/github/x-stream/mxparser/1.2.2/mxparser-1.2.2.jar:/home/lex_looter/.m2/repository/xmlpull/xmlpull/1.1.3.1/xmlpull-1.1.3.1.jar:/home/lex_looter/.m2/repository/jakarta/ws/rs/jakarta.ws.rs-api/3.1.0/jakarta.ws.rs-api-3.1.0.jar:/home/lex_looter/.m2/repository/jakarta/inject/jakarta.inject-api/2.0.1/jakarta.inject-api-2.0.1.jar:/home/lex_looter/.m2/repository/com/netflix/spectator/spectator-api/1.7.3/spectator-api-1.7.3.jar:/home/lex_looter/.m2/repository/org/slf4j/slf4j-api/2.0.17/slf4j-api-2.0.17.jar:/home/lex_looter/.m2/repository/org/apache/httpcomponents/httpclient/4.5.3/httpclient-4.5.3.jar:/home/lex_looter/.m2/repository/org/apache/httpcomponents/httpcore/4.4.16/httpcore-4.4.16.jar:/home/lex_looter/.m2/repository/commons-codec/commons-codec/1.18.0/commons-codec-1.18.0.jar:/home/lex_looter/.m2/repository/commons-configuration/commons-configuration/1.10/commons-configuration-1.10.jar:/home/lex_looter/.m2/repository/commons-lang/commons-lang/2.6/commons-lang-2.6.jar:/home/lex_looter/.m2/repository/com/fasterxml/jackson/core/jackson-annotations/2.19.0/jackson-annotations-2.19.0.jar:/home/lex_looter/.m2/repository/com/fasterxml/jackson/core/jackson-core/2.19.0/jackson-core-2.19.0.jar:/home/lex_looter/.m2/repository/com/netflix/netflix-commons/netflix-eventbus/0.3.0/netflix-eventbus-0.3.0.jar:/home/lex_looter/.m2/repository/com/netflix/netflix-commons/netflix-infix/0.3.0/netflix-infix-0.3.0.jar:/home/lex_looter/.m2/repository/commons-jxpath/commons-jxpath/1.3/commons-jxpath-1.3.jar:/home/lex_looter/.m2/repository/joda-time/joda-time/2.3/joda-time-2.3.jar:/home/lex_looter/.m2/repository/org/antlr/antlr-runtime/3.4/antlr-runtime-3.4.jar:/home/lex_looter/.m2/repository/org/antlr/stringtemplate/3.2.1/stringtemplate-3.2.1.jar:/home/lex_looter/.m2/repository/antlr/antlr/2.7.7/antlr-2.7.7.jar:/home/lex_looter/.m2/repository/com/google/guava/guava/14.0.1/guava-14.0.1.jar:/home/lex_looter/.m2/repository/com/google/code/gson/gson/2.13.1/gson-2.13.1.jar:/home/lex_looter/.m2/repository/com/google/errorprone/error_prone_annotations/2.38.0/error_prone_annotations-2.38.0.jar:/home/lex_looter/.m2/repository/com/netflix/servo/servo-core/0.5.3/servo-core-0.5.3.jar:/home/lex_looter/.m2/repository/org/apache/commons/commons-math/2.2/commons-math-2.2.jar:/home/lex_looter/.m2/repository/javax/annotation/javax.annotation-api/1.2/javax.annotation-api-1.2.jar:/home/lex_looter/.m2/repository/org/codehaus/jettison/jettison/1.5.4/jettison-1.5.4.jar:/home/lex_looter/.m2/repository/org/springframework/cloud/spring-cloud-starter-loadbalancer/4.3.0/spring-cloud-starter-loadbalancer-4.3.0.jar:/home/lex_looter/.m2/repository/org/springframework/cloud/spring-cloud-loadbalancer/4.3.0/spring-cloud-loadbalancer-4.3.0.jar:/home/lex_looter/.m2/repository/io/projectreactor/addons/reactor-extra/3.5.2/reactor-extra-3.5.2.jar:/home/lex_looter/.m2/repository/org/springframework/boot/spring-boot-starter-cache/3.5.0/spring-boot-starter-cache-3.5.0.jar:/home/lex_looter/.m2/repository/org/springframework/spring-context-support/6.2.7/spring-context-support-6.2.7.jar:/home/lex_looter/.m2/repository/com/stoyanr/evictor/1.0.0/evictor-1.0.0.jar:/home/lex_looter/.m2/repository/org/springdoc/springdoc-openapi-starter-webflux-ui/2.2.0/springdoc-openapi-starter-webflux-ui-2.2.0.jar:/home/lex_looter/.m2/repository/org/springdoc/springdoc-openapi-starter-webflux-api/2.2.0/springdoc-openapi-starter-webflux-api-2.2.0.jar:/home/lex_looter/.m2/repository/org/springdoc/springdoc-openapi-starter-common/2.2.0/springdoc-openapi-starter-common-2.2.0.jar:/home/lex_looter/.m2/repository/io/swagger/core/v3/swagger-core-jakarta/2.2.15/swagger-core-jakarta-2.2.15.jar:/home/lex_looter/.m2/repository/org/apache/commons/commons-lang3/3.17.0/commons-lang3-3.17.0.jar:/home/lex_looter/.m2/repository/io/swagger/core/v3/swagger-annotations-jakarta/2.2.15/swagger-annotations-jakarta-2.2.15.jar:/home/lex_looter/.m2/repository/io/swagger/core/v3/swagger-models-jakarta/2.2.15/swagger-models-jakarta-2.2.15.jar:/home/lex_looter/.m2/repository/jakarta/validation/jakarta.validation-api/3.0.2/jakarta.validation-api-3.0.2.jar:/home/lex_looter/.m2/repository/com/fasterxml/jackson/dataformat/jackson-dataformat-yaml/2.19.0/jackson-dataformat-yaml-2.19.0.jar:/home/lex_looter/.m2/repository/org/webjars/swagger-ui/5.2.0/swagger-ui-5.2.0.jar:/home/lex_looter/Programming/Java/Projects/vcp-workspace/virtual-card-platform/common-persistence/target/common-persistence-1.0.0-SNAPSHOT.jar:/home/lex_looter/.m2/repository/org/springframework/boot/spring-boot-starter-jooq/3.5.0/spring-boot-starter-jooq-3.5.0.jar:/home/lex_looter/.m2/repository/org/springframework/boot/spring-boot-starter-jdbc/3.5.0/spring-boot-starter-jdbc-3.5.0.jar:/home/lex_looter/.m2/repository/com/zaxxer/HikariCP/6.3.0/HikariCP-6.3.0.jar:/home/lex_looter/.m2/repository/org/springframework/spring-jdbc/6.2.7/spring-jdbc-6.2.7.jar:/home/lex_looter/.m2/repository/org/springframework/spring-tx/6.2.7/spring-tx-6.2.7.jar:/home/lex_looter/.m2/repository/org/jooq/jooq/3.19.23/jooq-3.19.23.jar:/home/lex_looter/.m2/repository/io/r2dbc/r2dbc-spi/1.0.0.RELEASE/r2dbc-spi-1.0.0.RELEASE.jar:/home/lex_looter/.m2/repository/org/jooq/jooq-codegen/3.19.23/jooq-codegen-3.19.23.jar:/home/lex_looter/.m2/repository/org/jooq/jooq-meta/3.19.23/jooq-meta-3.19.23.jar:/home/lex_looter/.m2/repository/com/mysql/mysql-connector-j/9.2.0/mysql-connector-j-9.2.0.jar:/home/lex_looter/Programming/Java/Projects/vcp-workspace/virtual-card-platform/common-error/target/common-error-1.0.0-SNAPSHOT.jar:/home/lex_looter/Programming/Java/Projects/vcp-workspace/virtual-card-platform/common-dto/target/common-dto-1.0.0-SNAPSHOT.jar:/home/lex_looter/Programming/Java/Projects/vcp-workspace/virtual-card-platform/common-lang/target/common-lang-1.0.0-SNAPSHOT.jar:/home/lex_looter/Programming/Java/Projects/vcp-workspace/virtual-card-platform/common-test/target/common-test-1.0.0-SNAPSHOT.jar:/home/lex_looter/.m2/repository/org/testcontainers/testcontainers/1.19.0/testcontainers-1.19.0.jar:/home/lex_looter/.m2/repository/org/apache/commons/commons-compress/1.23.0/commons-compress-1.23.0.jar:/home/lex_looter/.m2/repository/org/rnorth/duct-tape/duct-tape/1.0.8/duct-tape-1.0.8.jar:/home/lex_looter/.m2/repository/org/jetbrains/annotations/17.0.0/annotations-17.0.0.jar:/home/lex_looter/.m2/repository/com/github/docker-java/docker-java-api/3.3.3/docker-java-api-3.3.3.jar:/home/lex_looter/.m2/repository/com/github/docker-java/docker-java-transport-zerodep/3.3.3/docker-java-transport-zerodep-3.3.3.jar:/home/lex_looter/.m2/repository/com/github/docker-java/docker-java-transport/3.3.3/docker-java-transport-3.3.3.jar:/home/lex_looter/.m2/repository/net/java/dev/jna/jna/5.12.1/jna-5.12.1.jar:/home/lex_looter/.m2/repository/org/testcontainers/mysql/1.19.0/mysql-1.19.0.jar:/home/lex_looter/.m2/repository/org/testcontainers/jdbc/1.19.0/jdbc-1.19.0.jar:/home/lex_looter/.m2/repository/org/testcontainers/database-commons/1.19.0/database-commons-1.19.0.jar:/home/lex_looter/.m2/repository/com/squareup/okhttp3/mockwebserver/4.12.0/mockwebserver-4.12.0.jar:/home/lex_looter/.m2/repository/junit/junit/4.13.2/junit-4.13.2.jar:/home/lex_looter/.m2/repository/org/hamcrest/hamcrest-core/3.0/hamcrest-core-3.0.jar:/home/lex_looter/.m2/repository/org/jetbrains/kotlin/kotlin-stdlib-jdk8/1.9.25/kotlin-stdlib-jdk8-1.9.25.jar:/home/lex_looter/.m2/repository/org/jetbrains/kotlin/kotlin-stdlib/1.9.25/kotlin-stdlib-1.9.25.jar:/home/lex_looter/.m2/repository/org/jetbrains/kotlin/kotlin-stdlib-jdk7/1.9.25/kotlin-stdlib-jdk7-1.9.25.jar:/home/lex_looter/.m2/repository/com/squareup/okhttp3/okhttp/4.12.0/okhttp-4.12.0.jar:/home/lex_looter/.m2/repository/com/squareup/okio/okio/3.6.0/okio-3.6.0.jar:/home/lex_looter/.m2/repository/com/squareup/okio/okio-jvm/3.6.0/okio-jvm-3.6.0.jar:/home/lex_looter/.m2/repository/org/jetbrains/kotlin/kotlin-stdlib-common/1.9.25/kotlin-stdlib-common-1.9.25.jar:/home/lex_looter/.m2/repository/org/springframework/boot/spring-boot-configuration-processor/3.5.0/spring-boot-configuration-processor-3.5.0.jar:/home/lex_looter/.m2/repository/org/projectlombok/lombok/1.18.38/lombok-1.18.38.jar:/home/lex_looter/.m2/repository/io/projectreactor/reactor-test/3.7.6/reactor-test-3.7.6.jar:/home/lex_looter/.m2/repository/io/projectreactor/reactor-core/3.7.6/reactor-core-3.7.6.jar:/home/lex_looter/.m2/repository/org/reactivestreams/reactive-streams/1.0.4/reactive-streams-1.0.4.jar:/home/lex_looter/.m2/repository/org/springframework/boot/spring-boot-starter-test/3.5.0/spring-boot-starter-test-3.5.0.jar:/home/lex_looter/.m2/repository/org/springframework/boot/spring-boot-test/3.5.0/spring-boot-test-3.5.0.jar:/home/lex_looter/.m2/repository/org/springframework/boot/spring-boot-test-autoconfigure/3.5.0/spring-boot-test-autoconfigure-3.5.0.jar:/home/lex_looter/.m2/repository/com/jayway/jsonpath/json-path/2.9.0/json-path-2.9.0.jar:/home/lex_looter/.m2/repository/jakarta/xml/bind/jakarta.xml.bind-api/4.0.2/jakarta.xml.bind-api-4.0.2.jar:/home/lex_looter/.m2/repository/jakarta/activation/jakarta.activation-api/2.1.3/jakarta.activation-api-2.1.3.jar:/home/lex_looter/.m2/repository/net/minidev/json-smart/2.5.2/json-smart-2.5.2.jar:/home/lex_looter/.m2/repository/net/minidev/accessors-smart/2.5.2/accessors-smart-2.5.2.jar:/home/lex_looter/.m2/repository/org/ow2/asm/asm/9.7.1/asm-9.7.1.jar:/home/lex_looter/.m2/repository/org/assertj/assertj-core/3.27.3/assertj-core-3.27.3.jar:/home/lex_looter/.m2/repository/net/bytebuddy/byte-buddy/1.17.5/byte-buddy-1.17.5.jar:/home/lex_looter/.m2/repository/org/awaitility/awaitility/4.3.0/awaitility-4.3.0.jar:/home/lex_looter/.m2/repository/org/hamcrest/hamcrest/3.0/hamcrest-3.0.jar:/home/lex_looter/.m2/repository/org/junit/jupiter/junit-jupiter/5.12.2/junit-jupiter-5.12.2.jar:/home/lex_looter/.m2/repository/org/junit/jupiter/junit-jupiter-api/5.12.2/junit-jupiter-api-5.12.2.jar:/home/lex_looter/.m2/repository/org/opentest4j/opentest4j/1.3.0/opentest4j-1.3.0.jar:/home/lex_looter/.m2/repository/org/junit/platform/junit-platform-commons/1.12.2/junit-platform-commons-1.12.2.jar:/home/lex_looter/.m2/repository/org/apiguardian/apiguardian-api/1.1.2/apiguardian-api-1.1.2.jar:/home/lex_looter/.m2/repository/org/junit/jupiter/junit-jupiter-params/5.12.2/junit-jupiter-params-5.12.2.jar:/home/lex_looter/.m2/repository/org/junit/jupiter/junit-jupiter-engine/5.12.2/junit-jupiter-engine-5.12.2.jar:/home/lex_looter/.m2/repository/org/junit/platform/junit-platform-engine/1.12.2/junit-platform-engine-1.12.2.jar:/home/lex_looter/.m2/repository/org/mockito/mockito-core/5.17.0/mockito-core-5.17.0.jar:/home/lex_looter/.m2/repository/net/bytebuddy/byte-buddy-agent/1.17.5/byte-buddy-agent-1.17.5.jar:/home/lex_looter/.m2/repository/org/objenesis/objenesis/3.3/objenesis-3.3.jar:/home/lex_looter/.m2/repository/org/mockito/mockito-junit-jupiter/5.17.0/mockito-junit-jupiter-5.17.0.jar:/home/lex_looter/.m2/repository/org/skyscreamer/jsonassert/1.5.3/jsonassert-1.5.3.jar:/home/lex_looter/.m2/repository/com/vaadin/external/google/android-json/0.0.20131108.vaadin1/android-json-0.0.20131108.vaadin1.jar:/home/lex_looter/.m2/repository/org/springframework/spring-core/6.2.7/spring-core-6.2.7.jar:/home/lex_looter/.m2/repository/org/springframework/spring-jcl/6.2.7/spring-jcl-6.2.7.jar:/home/lex_looter/.m2/repository/org/springframework/spring-test/6.2.7/spring-test-6.2.7.jar:/home/lex_looter/.m2/repository/org/xmlunit/xmlunit-core/2.10.1/xmlunit-core-2.10.1.jar:"/>
    <property name="sun.cpu.endian" value="little"/>
    <property name="user.home" value="/home/lex_looter"/>
    <property name="user.language" value="it"/>
    <property name="java.specification.vendor" value="Oracle Corporation"/>
    <property name="java.version.date" value="2025-04-15"/>
    <property name="java.home" value="/usr/lib/jvm/java-21-openjdk-amd64"/>
    <property name="file.separator" value="/"/>
    <property name="basedir" value="/home/lex_looter/Programming/Java/Projects/vcp-workspace/virtual-card-platform/card-aggregate-service"/>
    <property name="java.vm.compressedOopsMode" value="Zero based"/>
    <property name="line.separator" value="&#10;"/>
    <property name="java.specification.name" value="Java Platform API Specification"/>
    <property name="java.vm.specification.vendor" value="Oracle Corporation"/>
    <property name="surefire.real.class.path" value="/home/lex_looter/Programming/Java/Projects/vcp-workspace/virtual-card-platform/card-aggregate-service/target/surefire/surefirebooter-20250612172634050_3.jar"/>
    <property name="sun.management.compiler" value="HotSpot 64-Bit Tiered Compilers"/>
    <property name="java.runtime.version" value="21.0.7+6-Ubuntu-0ubuntu122.04"/>
    <property name="user.name" value="lex_looter"/>
    <property name="stdout.encoding" value="UTF-8"/>
    <property name="path.separator" value=":"/>
    <property name="os.version" value="6.12.10-76061203-generic"/>
    <property name="java.runtime.name" value="OpenJDK Runtime Environment"/>
    <property name="file.encoding" value="UTF-8"/>
    <property name="java.vm.name" value="OpenJDK 64-Bit Server VM"/>
    <property name="localRepository" value="/home/lex_looter/.m2/repository"/>
    <property name="java.vendor.url.bug" value="https://bugs.launchpad.net/ubuntu/+source/openjdk-21"/>
    <property name="java.io.tmpdir" value="/tmp"/>
    <property name="java.version" value="21.0.7"/>
    <property name="user.dir" value="/home/lex_looter/Programming/Java/Projects/vcp-workspace/virtual-card-platform/card-aggregate-service"/>
    <property name="os.arch" value="amd64"/>
    <property name="java.vm.specification.name" value="Java Virtual Machine Specification"/>
    <property name="native.encoding" value="UTF-8"/>
    <property name="java.library.path" value="/usr/lib/x86_64-linux-gnu:/usr/lib/x86_64-linux-gnu::/usr/java/packages/lib:/usr/lib/x86_64-linux-gnu/jni:/lib/x86_64-linux-gnu:/usr/lib/x86_64-linux-gnu:/usr/lib/jni:/lib:/usr/lib"/>
    <property name="java.vm.info" value="mixed mode, sharing"/>
    <property name="stderr.encoding" value="UTF-8"/>
    <property name="java.vendor" value="Ubuntu"/>
    <property name="java.vm.version" value="21.0.7+6-Ubuntu-0ubuntu122.04"/>
    <property name="sun.io.unicode.encoding" value="UnicodeLittle"/>
    <property name="java.class.version" value="65.0"/>
  </properties>
  <testcase name="testTopup_shouldSucceed" classname="com.virtualcard.card_aggregate.test.CardAggregateServiceTest" time="0.377"/>
  <testcase name="testSpend_shouldFail" classname="com.virtualcard.card_aggregate.test.CardAggregateServiceTest" time="0.022">
    <system-out><![CDATA[17:26:34.704 [reactor-http-epoll-3] ERROR com.virtualcard.card_aggregate.service.CardAggregateIntegrationService -- Got an unexpected HTTP error: 500 INTERNAL_SERVER_ERROR, will rethrow it
17:26:34.705 [reactor-http-epoll-3] ERROR com.virtualcard.card_aggregate.service.CardAggregateIntegrationService -- Error body: 
]]></system-out>
  </testcase>
  <testcase name="testSpend_shouldSucceed" classname="com.virtualcard.card_aggregate.test.CardAggregateServiceTest" time="0.008"/>
  <testcase name="testTopup_shouldFail" classname="com.virtualcard.card_aggregate.test.CardAggregateServiceTest" time="0.005">
    <system-out><![CDATA[17:26:34.720 [reactor-http-epoll-5] ERROR com.virtualcard.card_aggregate.service.CardAggregateIntegrationService -- Got an unexpected HTTP error: 500 INTERNAL_SERVER_ERROR, will rethrow it
17:26:34.720 [reactor-http-epoll-5] ERROR com.virtualcard.card_aggregate.service.CardAggregateIntegrationService -- Error body: 
]]></system-out>
  </testcase>
  <testcase name="testSpend_rateLimitExceeded" classname="com.virtualcard.card_aggregate.test.CardAggregateServiceTest" time="0.185"/>
</testsuite>